{
    "time": "Wed, 26 Mar 2025 17:03:21 +0100",
    "server": "localhost",
    "ip": "::1",
    "errno": "256 (User Error)",
    "errstr": "Sorry! Could not connect to data server",
    "file": "/includes/mainfile.php",
    "line": 358,
    "request": "/nukeviet/src/admin/index.php?language=vi&nv=siteinfo&op=notification&nocache=1743005001071",
    "method": "POST",
    "agent": "Mozilla/5.0 (Windows NT 10.0; Win64; x64) AppleWebKit/537.36 (KHTML, like Gecko) Chrome/134.0.0.0 Safari/537.36 Edg/134.0.0.0",
    "backtrace": [
        "#1 /admin/index.php(17)",
        "#2 /includes/mainfile.php(358)"
    ]
}
-------------------
{
    "time": "Wed, 26 Mar 2025 18:31:09 +0100",
    "server": "localhost",
    "ip": "::1",
    "errno": "1 (Error)",
    "errstr": "Uncaught TypeError: date(): Argument #2 ($timestamp) must be of type ?int, string given in /includes/functions.php:905",
    "file": "/includes/functions.php",
    "line": 905,
    "request": "/nukeviet/src/admin/vi/cvs/",
    "method": "GET",
    "agent": "Mozilla/5.0 (Windows NT 10.0; Win64; x64) AppleWebKit/537.36 (KHTML, like Gecko) Chrome/134.0.0.0 Safari/537.36 Edg/134.0.0.0",
    "backtrace": [
        "#0 /includes/functions.php(905): date('d/m/Y H:i', '2025-03-27 00:3...')",
        "#1 /modules/cvs/admin/main.php(56): nv_date('d/m/Y H:i', '2025-03-27 00:3...')",
        "#2 /admin/index.php(170): require('C:/xampp/htdocs...')",
        "#3 {main}",
        "thrown"
    ]
}
-------------------
