{
    "time": "Wed, 26 Mar 2025 16:47:57 +0100",
    "server": "localhost",
    "ip": "::1",
    "errno": "2 (Warning)",
    "errstr": "Undefined array key \"error_image\"",
    "file": "/modules/posts/admin/create.php",
    "line": 58,
    "request": "/nukeviet/src/admin/vi/posts/create/",
    "method": "POST",
    "agent": "Mozilla/5.0 (Windows NT 10.0; Win64; x64) AppleWebKit/537.36 (KHTML, like Gecko) Chrome/134.0.0.0 Safari/537.36 Edg/134.0.0.0",
    "backtrace": [
        "#1 /admin/index.php(170)"
    ]
}
-------------------
{
    "time": "Wed, 26 Mar 2025 16:48:11 +0100",
    "server": "localhost",
    "ip": "::1",
    "errno": "2 (Warning)",
    "errstr": "Undefined array key \"error_content\"",
    "file": "/modules/posts/admin/create.php",
    "line": 54,
    "request": "/nukeviet/src/admin/vi/posts/create/",
    "method": "POST",
    "agent": "Mozilla/5.0 (Windows NT 10.0; Win64; x64) AppleWebKit/537.36 (KHTML, like Gecko) Chrome/134.0.0.0 Safari/537.36 Edg/134.0.0.0",
    "backtrace": [
        "#1 /admin/index.php(170)"
    ]
}
-------------------
{
    "time": "Wed, 26 Mar 2025 17:03:21 +0100",
    "server": "localhost",
    "ip": "::1",
    "errno": "1024 (User Notice)",
    "errstr": "SQLSTATE&lbrack;HY000&rbrack; &lbrack;2002&rbrack; No connection could be made because the target machine actively refused it",
    "file": "/includes/vendor/vinades/nukeviet/Core/Database.php",
    "line": 94,
    "request": "/nukeviet/src/admin/index.php?language=vi&nv=siteinfo&op=notification&nocache=1743005001071",
    "method": "POST",
    "agent": "Mozilla/5.0 (Windows NT 10.0; Win64; x64) AppleWebKit/537.36 (KHTML, like Gecko) Chrome/134.0.0.0 Safari/537.36 Edg/134.0.0.0",
    "backtrace": [
        "#1 /admin/index.php(17)",
        "#2 /includes/mainfile.php(353)",
        "#3 /includes/vendor/vinades/nukeviet/Core/Database.php(94)"
    ]
}
-------------------
{
    "time": "Wed, 26 Mar 2025 17:56:35 +0100",
    "server": "localhost",
    "ip": "::1",
    "errno": "2 (Warning)",
    "errstr": "Undefined array key \"list\"",
    "file": "/modules/cvs/admin/main.php",
    "line": 16,
    "request": "/nukeviet/src/admin/vi/cvs/",
    "method": "GET",
    "agent": "Mozilla/5.0 (Windows NT 10.0; Win64; x64) AppleWebKit/537.36 (KHTML, like Gecko) Chrome/134.0.0.0 Safari/537.36 Edg/134.0.0.0",
    "backtrace": [
        "#1 /admin/index.php(170)"
    ]
}
-------------------
{
    "time": "Wed, 26 Mar 2025 17:56:35 +0100",
    "server": "localhost",
    "ip": "::1",
    "errno": "2 (Warning)",
    "errstr": "Undefined array key \"empty\"",
    "file": "/modules/cvs/admin/main.php",
    "line": 55,
    "request": "/nukeviet/src/admin/vi/cvs/",
    "method": "GET",
    "agent": "Mozilla/5.0 (Windows NT 10.0; Win64; x64) AppleWebKit/537.36 (KHTML, like Gecko) Chrome/134.0.0.0 Safari/537.36 Edg/134.0.0.0",
    "backtrace": [
        "#1 /admin/index.php(170)"
    ]
}
-------------------
{
    "time": "Wed, 26 Mar 2025 18:12:59 +0100",
    "server": "localhost",
    "ip": "::1",
    "errno": "2 (Warning)",
    "errstr": "Undefined array key \"add\"",
    "file": "/modules/cvs/admin/create.php",
    "line": 7,
    "request": "/nukeviet/src/admin/vi/cvs/create/",
    "method": "GET",
    "agent": "Mozilla/5.0 (Windows NT 10.0; Win64; x64) AppleWebKit/537.36 (KHTML, like Gecko) Chrome/134.0.0.0 Safari/537.36 Edg/134.0.0.0",
    "backtrace": [
        "#1 /admin/index.php(170)"
    ]
}
-------------------
{
    "time": "Wed, 26 Mar 2025 18:12:59 +0100",
    "server": "localhost",
    "ip": "::1",
    "errno": "2 (Warning)",
    "errstr": "file_get_contents(/themes/admin_default/modules/cvs/add.tpl): Failed to open stream: No such file or directory",
    "file": "/includes/xtemplate.class.php",
    "line": 1333,
    "request": "/nukeviet/src/admin/vi/cvs/create/",
    "method": "GET",
    "agent": "Mozilla/5.0 (Windows NT 10.0; Win64; x64) AppleWebKit/537.36 (KHTML, like Gecko) Chrome/134.0.0.0 Safari/537.36 Edg/134.0.0.0",
    "backtrace": [
        "#1 /admin/index.php(170)",
        "#2 /modules/cvs/admin/create.php(62)",
        "#3 /includes/xtemplate.class.php(395)",
        "#4 /includes/xtemplate.class.php(506)",
        "#5 /includes/xtemplate.class.php(537)",
        "#6 /includes/xtemplate.class.php(1365)",
        "#7 /includes/xtemplate.class.php(1333)"
    ]
}
-------------------
{
    "time": "Wed, 26 Mar 2025 18:14:55 +0100",
    "server": "localhost",
    "ip": "::1",
    "errno": "2 (Warning)",
    "errstr": "Undefined array key \"error_file\"",
    "file": "/modules/cvs/admin/create.php",
    "line": 38,
    "request": "/nukeviet/src/admin/vi/cvs/create/",
    "method": "POST",
    "agent": "Mozilla/5.0 (Windows NT 10.0; Win64; x64) AppleWebKit/537.36 (KHTML, like Gecko) Chrome/134.0.0.0 Safari/537.36 Edg/134.0.0.0",
    "backtrace": [
        "#1 /admin/index.php(170)"
    ]
}
-------------------
{
    "time": "Wed, 26 Mar 2025 18:19:42 +0100",
    "server": "localhost",
    "ip": "::1",
    "errno": "2 (Warning)",
    "errstr": "Undefined array key \"error_file\"",
    "file": "/modules/cvs/admin/create.php",
    "line": 48,
    "request": "/nukeviet/src/admin/vi/cvs/create/",
    "method": "POST",
    "agent": "Mozilla/5.0 (Windows NT 10.0; Win64; x64) AppleWebKit/537.36 (KHTML, like Gecko) Chrome/134.0.0.0 Safari/537.36 Edg/134.0.0.0",
    "backtrace": [
        "#1 /admin/index.php(170)"
    ]
}
-------------------
{
    "time": "Wed, 26 Mar 2025 18:36:33 +0100",
    "server": "localhost",
    "ip": "::1",
    "errno": "2 (Warning)",
    "errstr": "Undefined array key \"max_file_size\"",
    "file": "/modules/cvs/admin/create.php",
    "line": 39,
    "request": "/nukeviet/src/admin/index.php",
    "method": "POST",
    "agent": "Mozilla/5.0 (Windows NT 10.0; Win64; x64) AppleWebKit/537.36 (KHTML, like Gecko) Chrome/134.0.0.0 Safari/537.36 Edg/134.0.0.0",
    "backtrace": [
        "#1 /admin/index.php(170)"
    ]
}
-------------------
{
    "time": "Wed, 26 Mar 2025 19:56:16 +0100",
    "server": "localhost",
    "ip": "::1",
    "errno": "2 (Warning)",
    "errstr": "Undefined variable $base_url",
    "file": "/modules/cvs/admin/main.php",
    "line": 87,
    "request": "/nukeviet/src/admin/vi/cvs/",
    "method": "GET",
    "agent": "Mozilla/5.0 (Windows NT 10.0; Win64; x64) AppleWebKit/537.36 (KHTML, like Gecko) Chrome/134.0.0.0 Safari/537.36 Edg/134.0.0.0",
    "backtrace": [
        "#1 /admin/index.php(170)"
    ]
}
-------------------
{
    "time": "Wed, 26 Mar 2025 19:56:54 +0100",
    "server": "localhost",
    "ip": "::1",
    "errno": "2 (Warning)",
    "errstr": "Undefined variable $base_url",
    "file": "/modules/cvs/admin/main.php",
    "line": 70,
    "request": "/nukeviet/src/admin/vi/cvs/",
    "method": "GET",
    "agent": "Mozilla/5.0 (Windows NT 10.0; Win64; x64) AppleWebKit/537.36 (KHTML, like Gecko) Chrome/134.0.0.0 Safari/537.36 Edg/134.0.0.0",
    "backtrace": [
        "#1 /admin/index.php(170)"
    ]
}
-------------------
