{
    "time": "Sun, 09 Mar 2025 18:09:37 +0100",
    "server": "localhost",
    "ip": "::1",
    "errno": "1 (Error)",
    "errstr": "Uncaught PDOException: SQLSTATE&lbrack;42S22&rbrack;: Column not found: 1054 Unknown column 'en_count' in 'field list' in /includes/vendor/vinades/nukeviet/Core/Database.php:576",
    "file": "/includes/vendor/vinades/nukeviet/Core/Database.php",
    "line": 576,
    "request": "/nukeviet/src/en/",
    "method": "GET",
    "agent": "Mozilla/5.0 (Windows NT 10.0; Win64; x64) AppleWebKit/537.36 (KHTML, like Gecko) Chrome/134.0.0.0 Safari/537.36 Edg/134.0.0.0",
    "backtrace": [
        "#0 /includes/vendor/vinades/nukeviet/Core/Database.php(576): PDO->prepare('UPDATE nv5_coun...', Array)",
        "#1 /includes/core/stat.php(73): NukeViet/Core/Database->prepare('UPDATE nv5_coun...')",
        "#2 /includes/core/stat.php(85): nv_stat_update()",
        "#3 /index.php(72): require('C:/xampp/htdocs...')",
        "#4 {main}",
        "thrown"
    ]
}
-------------------
