{
    "time": "Tue, 25 Mar 2025 18:55:24 +0100",
    "server": "localhost",
    "ip": "::1",
    "errno": "2 (Warning)",
    "errstr": "Undefined array key \"error_title_exists\"",
    "file": "/modules/posts/admin/create.php",
    "line": 45,
    "request": "/nukeviet/src/admin/vi/posts/create/",
    "method": "POST",
    "agent": "Mozilla/5.0 (Windows NT 10.0; Win64; x64) AppleWebKit/537.36 (KHTML, like Gecko) Chrome/134.0.0.0 Safari/537.36 Edg/134.0.0.0",
    "backtrace": [
        "#1 /admin/index.php(170)"
    ]
}
-------------------
{
    "time": "Tue, 25 Mar 2025 18:57:20 +0100",
    "server": "localhost",
    "ip": "::1",
    "errno": "2 (Warning)",
    "errstr": "Undefined array key \"error_title_exists\"",
    "file": "/modules/posts/admin/create.php",
    "line": 52,
    "request": "/nukeviet/src/admin/vi/posts/create/",
    "method": "POST",
    "agent": "Mozilla/5.0 (Windows NT 10.0; Win64; x64) AppleWebKit/537.36 (KHTML, like Gecko) Chrome/134.0.0.0 Safari/537.36 Edg/134.0.0.0",
    "backtrace": [
        "#1 /admin/index.php(170)"
    ]
}
-------------------
