{
    "time": "Thu, 27 Mar 2025 17:06:01 +0100",
    "server": "localhost",
    "ip": "::1",
    "errno": "2 (Warning)",
    "errstr": "Undefined array key \"detail\"",
    "file": "/modules/cvs/admin/detail.php",
    "line": 58,
    "request": "/nukeviet/src/admin/vi/cvs/detail/?id=9",
    "method": "GET",
    "agent": "Mozilla/5.0 (Windows NT 10.0; Win64; x64) AppleWebKit/537.36 (KHTML, like Gecko) Chrome/134.0.0.0 Safari/537.36 Edg/134.0.0.0",
    "backtrace": [
        "#1 /admin/index.php(170)"
    ]
}
-------------------
{
    "time": "Thu, 27 Mar 2025 17:18:53 +0100",
    "server": "localhost",
    "ip": "::1",
    "errno": "2 (Warning)",
    "errstr": "Undefined array key \"detail\"",
    "file": "/modules/cvs/admin/detail.php",
    "line": 80,
    "request": "/nukeviet/src/admin/vi/cvs/detail/?id=9",
    "method": "GET",
    "agent": "Mozilla/5.0 (Windows NT 10.0; Win64; x64) AppleWebKit/537.36 (KHTML, like Gecko) Chrome/134.0.0.0 Safari/537.36 Edg/134.0.0.0",
    "backtrace": [
        "#1 /admin/index.php(170)"
    ]
}
-------------------
{
    "time": "Thu, 27 Mar 2025 20:59:47 +0100",
    "server": "localhost",
    "ip": "::1",
    "errno": "2 (Warning)",
    "errstr": "Undefined array key \"error_image\"",
    "file": "/modules/posts/admin/create.php",
    "line": 58,
    "request": "/nukeviet/src/admin/vi/posts/create/",
    "method": "POST",
    "agent": "Mozilla/5.0 (Windows NT 10.0; Win64; x64) AppleWebKit/537.36 (KHTML, like Gecko) Chrome/134.0.0.0 Safari/537.36 Edg/134.0.0.0",
    "backtrace": [
        "#1 /admin/index.php(170)"
    ]
}
-------------------
