{
    "time": "Thu, 27 Mar 2025 17:14:05 +0100",
    "server": "localhost",
    "ip": "::1",
    "errno": "1 (Error)",
    "errstr": "Uncaught PDOException: SQLSTATE&lbrack;42S02&rbrack;: Base table or view not found: 1146 Table 'tuyendung.nv5_vi_posts_rows' doesn't exist in /includes/vendor/vinades/nukeviet/Core/Database.php:543",
    "file": "/includes/vendor/vinades/nukeviet/Core/Database.php",
    "line": 543,
    "request": "/nukeviet/src/admin/vi/cvs/detail/?id=9",
    "method": "GET",
    "agent": "Mozilla/5.0 (Windows NT 10.0; Win64; x64) AppleWebKit/537.36 (KHTML, like Gecko) Chrome/134.0.0.0 Safari/537.36 Edg/134.0.0.0",
    "backtrace": [
        "#0 /includes/vendor/vinades/nukeviet/Core/Database.php(543): PDO->query('SELECT id, titl...', NULL)",
        "#1 /modules/cvs/admin/detail.php(85): NukeViet/Core/Database->query('SELECT id, titl...')",
        "#2 /admin/index.php(170): require('C:/xampp/htdocs...')",
        "#3 {main}",
        "thrown"
    ]
}
-------------------
{
    "time": "Thu, 27 Mar 2025 18:57:43 +0100",
    "server": "localhost",
    "ip": "::1",
    "errno": "1 (Error)",
    "errstr": "Uncaught TypeError: in_array(): Argument #2 ($haystack) must be of type array, null given in /modules/cvs/admin/detail.php:134",
    "file": "/modules/cvs/admin/detail.php",
    "line": 134,
    "request": "/nukeviet/src/admin/index.php?nv=cvs&op=detail&id=1",
    "method": "POST",
    "agent": "Mozilla/5.0 (Windows NT 10.0; Win64; x64) AppleWebKit/537.36 (KHTML, like Gecko) Chrome/134.0.0.0 Safari/537.36 Edg/134.0.0.0",
    "backtrace": [
        "#0 /modules/cvs/admin/detail.php(134): in_array(22, NULL)",
        "#1 /admin/index.php(170): require('C:/xampp/htdocs...')",
        "#2 {main}",
        "thrown"
    ]
}
-------------------
